<?xml version="1.0" encoding="UTF-8"?>
<coverage generated="1788627434229" clover="3.2.0">
  <project timestamp="1788627434229" name="All files">
    <metrics statements="30" coveredstatements="30" conditionals="20" coveredconditionals="18" methods="10" coveredmethods="10" elements="60" coveredelements="58" complexity="0" loc="30" ncloc="30" packages="3" files="5" classes="5"/>
    <package name="features.auth.components">
      <metrics statements="14" coveredstatements="14" conditionals="12" coveredconditionals="11" methods="6" coveredmethods="6"/>
      <file name="LoginForm.tsx" path="C:\Users\ASUS\Desktop\my_awsome_app\src\features\auth\components\LoginForm.tsx">
        <metrics statements="6" coveredstatements="6" conditionals="4" coveredconditionals="4" methods="2" coveredmethods="2"/>
        <line num="5" count="1" type="stmt"/>
        <line num="6" count="10" type="stmt"/>
        <line num="7" count="10" type="stmt"/>
        <line num="9" count="10" type="stmt"/>
        <line num="10" count="3" type="stmt"/>
        <line num="13" count="10" type="stmt"/>
      </file>
      <file name="UserProfile.tsx" path="C:\Users\ASUS\Desktop\my_awsome_app\src\features\auth\components\UserProfile.tsx">
        <metrics statements="8" coveredstatements="8" conditionals="8" coveredconditionals="7" methods="4" coveredmethods="4"/>
        <line num="7" count="1" type="stmt"/>
        <line num="8" count="5" type="stmt"/>
        <line num="10" count="2" type="stmt"/>
        <line num="13" count="2" type="cond" truecount="2" falsecount="0"/>
        <line num="14" count="1" type="stmt"/>
        <line num="17" count="1" type="cond" truecount="1" falsecount="1"/>
        <line num="21" count="5" type="stmt"/>
        <line num="28" count="2" type="stmt"/>
      </file>
    </package>
    <package name="features.auth.hooks">
      <metrics statements="7" coveredstatements="7" conditionals="4" coveredconditionals="3" methods="2" coveredmethods="2"/>
      <file name="useLogin.ts" path="C:\Users\ASUS\Desktop\my_awsome_app\src\features\auth\hooks\useLogin.ts">
        <metrics statements="7" coveredstatements="7" conditionals="4" coveredconditionals="3" methods="2" coveredmethods="2"/>
        <line num="8" count="1" type="stmt"/>
        <line num="9" count="10" type="stmt"/>
        <line num="11" count="3" type="stmt"/>
        <line num="17" count="3" type="stmt"/>
        <line num="19" count="2" type="cond" truecount="2" falsecount="0"/>
        <line num="20" count="1" type="cond" truecount="1" falsecount="1"/>
        <line num="23" count="1" type="stmt"/>
      </file>
    </package>
    <package name="mocks">
      <metrics statements="9" coveredstatements="9" conditionals="4" coveredconditionals="4" methods="2" coveredmethods="2"/>
      <file name="handlers.ts" path="C:\Users\ASUS\Desktop\my_awsome_app\src\mocks\handlers.ts">
        <metrics statements="8" coveredstatements="8" conditionals="4" coveredconditionals="4" methods="2" coveredmethods="2"/>
        <line num="3" count="2" type="stmt"/>
        <line num="6" count="2" type="stmt"/>
        <line num="7" count="2" type="stmt"/>
        <line num="9" count="2" type="cond" truecount="4" falsecount="0"/>
        <line num="10" count="1" type="stmt"/>
        <line num="16" count="1" type="stmt"/>
        <line num="24" count="1" type="stmt"/>
        <line num="25" count="1" type="stmt"/>
      </file>
      <file name="server.ts" path="C:\Users\ASUS\Desktop\my_awsome_app\src\mocks\server.ts">
        <metrics statements="1" coveredstatements="1" conditionals="0" coveredconditionals="0" methods="0" coveredmethods="0"/>
        <line num="4" count="2" type="stmt"/>
      </file>
    </package>
  </project>
</coverage>
