{"C:\\Users\\ASUS\\Desktop\\my_awsome_app\\src\\features\\auth\\components\\LoginForm.tsx": {"path":"C:\\Users\\ASUS\\Desktop\\my_awsome_app\\src\\features\\auth\\components\\LoginForm.tsx","statementMap":{"0":{"start":{"line":5,"column":13},"end":{"line":30,"column":null}},"1":{"start":{"line":6,"column":37},"end":{"line":6,"column":45}},"2":{"start":{"line":7,"column":19},"end":{"line":7,"column":28}},"3":{"start":{"line":9,"column":8},"end":{"line":11,"column":null}},"4":{"start":{"line":10,"column":4},"end":{"line":10,"column":null}},"5":{"start":{"line":13,"column":2},"end":{"line":28,"column":null}}},"fnMap":{"0":{"name":"(anonymous_0)","decl":{"start":{"line":5,"column":13},"end":{"line":5,"column":31}},"loc":{"start":{"line":5,"column":31},"end":{"line":30,"column":null}},"line":5},"1":{"name":"(anonymous_1)","decl":{"start":{"line":9,"column":8},"end":{"line":9,"column":20}},"loc":{"start":{"line":9,"column":34},"end":{"line":11,"column":null}},"line":9}},"branchMap":{"0":{"loc":{"start":{"line":21,"column":7},"end":{"line":22,"column":null}},"type":"binary-expr","locations":[{"start":{"line":21,"column":7},"end":{"line":21,"column":null}},{"start":{"line":22,"column":8},"end":{"line":22,"column":null}}],"line":21},"1":{"loc":{"start":{"line":26,"column":9},"end":{"line":26,"column":null}},"type":"cond-expr","locations":[{"start":{"line":26,"column":30},"end":{"line":26,"column":48}},{"start":{"line":26,"column":48},"end":{"line":26,"column":null}}],"line":26}},"s":{"0":1,"1":10,"2":10,"3":10,"4":3,"5":10},"f":{"0":10,"1":3},"b":{"0":[10,2],"1":[2,8]},"meta":{"lastBranch":2,"lastFunction":2,"lastStatement":6,"seen":{"s:5:13:30:Infinity":0,"f:5:13:5:31":0,"s:6:37:6:45":1,"s:7:19:7:28":2,"s:9:8:11:Infinity":3,"f:9:8:9:20":1,"s:10:4:10:Infinity":4,"s:13:2:28:Infinity":5,"b:21:7:21:Infinity:22:8:22:Infinity":0,"b:26:30:26:48:26:48:26:Infinity":1},"fnNames":{}}}
,"C:\\Users\\ASUS\\Desktop\\my_awsome_app\\src\\features\\auth\\components\\UserProfile.tsx": {"path":"C:\\Users\\ASUS\\Desktop\\my_awsome_app\\src\\features\\auth\\components\\UserProfile.tsx","statementMap":{"0":{"start":{"line":7,"column":13},"end":{"line":35,"column":null}},"1":{"start":{"line":8,"column":19},"end":{"line":19,"column":null}},"2":{"start":{"line":10,"column":18},"end":{"line":12,"column":null}},"3":{"start":{"line":13,"column":6},"end":{"line":13,"column":null}},"4":{"start":{"line":13,"column":19},"end":{"line":13,"column":null}},"5":{"start":{"line":14,"column":6},"end":{"line":14,"column":null}},"6":{"start":{"line":17,"column":6},"end":{"line":17,"column":null}},"7":{"start":{"line":17,"column":27},"end":{"line":17,"column":null}},"8":{"start":{"line":21,"column":2},"end":{"line":33,"column":null}},"9":{"start":{"line":28,"column":23},"end":{"line":28,"column":null}}},"fnMap":{"0":{"name":"(anonymous_0)","decl":{"start":{"line":7,"column":13},"end":{"line":7,"column":28}},"loc":{"start":{"line":7,"column":70},"end":{"line":35,"column":null}},"line":7},"1":{"name":"(anonymous_1)","decl":{"start":{"line":9,"column":16},"end":{"line":9,"column":28}},"loc":{"start":{"line":9,"column":28},"end":{"line":15,"column":null}},"line":9},"2":{"name":"(anonymous_2)","decl":{"start":{"line":16,"column":4},"end":{"line":16,"column":21}},"loc":{"start":{"line":16,"column":21},"end":{"line":18,"column":null}},"line":16},"3":{"name":"(anonymous_3)","decl":{"start":{"line":28,"column":8},"end":{"line":28,"column":23}},"loc":{"start":{"line":28,"column":23},"end":{"line":28,"column":null}},"line":28}},"branchMap":{"0":{"loc":{"start":{"line":13,"column":6},"end":{"line":13,"column":null}},"type":"if","locations":[{"start":{"line":13,"column":6},"end":{"line":13,"column":null}},{"start":{},"end":{}}],"line":13},"1":{"loc":{"start":{"line":17,"column":6},"end":{"line":17,"column":null}},"type":"if","locations":[{"start":{"line":17,"column":6},"end":{"line":17,"column":null}},{"start":{},"end":{}}],"line":17},"2":{"loc":{"start":{"line":24,"column":7},"end":{"line":24,"column":null}},"type":"binary-expr","locations":[{"start":{"line":24,"column":7},"end":{"line":24,"column":27}},{"start":{"line":24,"column":27},"end":{"line":24,"column":null}}],"line":24},"3":{"loc":{"start":{"line":31,"column":9},"end":{"line":31,"column":null}},"type":"cond-expr","locations":[{"start":{"line":31,"column":30},"end":{"line":31,"column":49}},{"start":{"line":31,"column":49},"end":{"line":31,"column":null}}],"line":31}},"s":{"0":1,"1":5,"2":2,"3":2,"4":1,"5":1,"6":1,"7":1,"8":5,"9":2},"f":{"0":5,"1":2,"2":1,"3":2},"b":{"0":[1,1],"1":[1,0],"2":[5,1],"3":[1,4]},"meta":{"lastBranch":4,"lastFunction":4,"lastStatement":10,"seen":{"s:7:13:35:Infinity":0,"f:7:13:7:28":0,"s:8:19:19:Infinity":1,"f:9:16:9:28":1,"s:10:18:12:Infinity":2,"b:13:6:13:Infinity:undefined:undefined:undefined:undefined":0,"s:13:6:13:Infinity":3,"s:13:19:13:Infinity":4,"s:14:6:14:Infinity":5,"f:16:4:16:21":2,"b:17:6:17:Infinity:undefined:undefined:undefined:undefined":1,"s:17:6:17:Infinity":6,"s:17:27:17:Infinity":7,"s:21:2:33:Infinity":8,"b:24:7:24:27:24:27:24:Infinity":2,"f:28:8:28:23":3,"s:28:23:28:Infinity":9,"b:31:30:31:49:31:49:31:Infinity":3},"fnNames":{}}}
,"C:\\Users\\ASUS\\Desktop\\my_awsome_app\\src\\features\\auth\\hooks\\useLogin.ts": {"path":"C:\\Users\\ASUS\\Desktop\\my_awsome_app\\src\\features\\auth\\hooks\\useLogin.ts","statementMap":{"0":{"start":{"line":8,"column":13},"end":{"line":26,"column":null}},"1":{"start":{"line":9,"column":2},"end":{"line":25,"column":null}},"2":{"start":{"line":11,"column":18},"end":{"line":15,"column":null}},"3":{"start":{"line":17,"column":19},"end":{"line":17,"column":null}},"4":{"start":{"line":19,"column":6},"end":{"line":21,"column":null}},"5":{"start":{"line":20,"column":8},"end":{"line":20,"column":null}},"6":{"start":{"line":23,"column":6},"end":{"line":23,"column":null}}},"fnMap":{"0":{"name":"(anonymous_0)","decl":{"start":{"line":8,"column":13},"end":{"line":8,"column":30}},"loc":{"start":{"line":8,"column":30},"end":{"line":26,"column":null}},"line":8},"1":{"name":"(anonymous_1)","decl":{"start":{"line":10,"column":16},"end":{"line":10,"column":23}},"loc":{"start":{"line":10,"column":57},"end":{"line":24,"column":null}},"line":10}},"branchMap":{"0":{"loc":{"start":{"line":19,"column":6},"end":{"line":21,"column":null}},"type":"if","locations":[{"start":{"line":19,"column":6},"end":{"line":21,"column":null}},{"start":{},"end":{}}],"line":19},"1":{"loc":{"start":{"line":20,"column":24},"end":{"line":20,"column":68}},"type":"binary-expr","locations":[{"start":{"line":20,"column":24},"end":{"line":20,"column":40}},{"start":{"line":20,"column":40},"end":{"line":20,"column":68}}],"line":20}},"s":{"0":1,"1":10,"2":3,"3":3,"4":2,"5":1,"6":1},"f":{"0":10,"1":3},"b":{"0":[1,1],"1":[1,0]},"meta":{"lastBranch":2,"lastFunction":2,"lastStatement":7,"seen":{"s:8:13:26:Infinity":0,"f:8:13:8:30":0,"s:9:2:25:Infinity":1,"f:10:16:10:23":1,"s:11:18:15:Infinity":2,"s:17:19:17:Infinity":3,"b:19:6:21:Infinity:undefined:undefined:undefined:undefined":0,"s:19:6:21:Infinity":4,"s:20:8:20:Infinity":5,"b:20:24:20:40:20:40:20:68":1,"s:23:6:23:Infinity":6},"fnNames":{}}}
,"C:\\Users\\ASUS\\Desktop\\my_awsome_app\\src\\mocks\\handlers.ts": {"path":"C:\\Users\\ASUS\\Desktop\\my_awsome_app\\src\\mocks\\handlers.ts","statementMap":{"0":{"start":{"line":3,"column":24},"end":{"line":27,"column":null}},"1":{"start":{"line":6,"column":4},"end":{"line":6,"column":null}},"2":{"start":{"line":7,"column":18},"end":{"line":7,"column":null}},"3":{"start":{"line":9,"column":4},"end":{"line":14,"column":null}},"4":{"start":{"line":10,"column":6},"end":{"line":13,"column":null}},"5":{"start":{"line":16,"column":4},"end":{"line":19,"column":null}},"6":{"start":{"line":24,"column":4},"end":{"line":24,"column":null}},"7":{"start":{"line":25,"column":4},"end":{"line":25,"column":null}}},"fnMap":{"0":{"name":"(anonymous_0)","decl":{"start":{"line":5,"column":32},"end":{"line":5,"column":39}},"loc":{"start":{"line":5,"column":55},"end":{"line":20,"column":3}},"line":5},"1":{"name":"(anonymous_1)","decl":{"start":{"line":23,"column":33},"end":{"line":23,"column":45}},"loc":{"start":{"line":23,"column":45},"end":{"line":26,"column":3}},"line":23}},"branchMap":{"0":{"loc":{"start":{"line":9,"column":4},"end":{"line":14,"column":null}},"type":"if","locations":[{"start":{"line":9,"column":4},"end":{"line":14,"column":null}},{"start":{},"end":{}}],"line":9},"1":{"loc":{"start":{"line":9,"column":8},"end":{"line":9,"column":78}},"type":"binary-expr","locations":[{"start":{"line":9,"column":8},"end":{"line":9,"column":45}},{"start":{"line":9,"column":45},"end":{"line":9,"column":78}}],"line":9}},"s":{"0":2,"1":2,"2":2,"3":2,"4":1,"5":1,"6":1,"7":1},"f":{"0":2,"1":1},"b":{"0":[1,1],"1":[2,1]},"meta":{"lastBranch":2,"lastFunction":2,"lastStatement":8,"seen":{"s:3:24:27:Infinity":0,"f:5:32:5:39":0,"s:6:4:6:Infinity":1,"s:7:18:7:Infinity":2,"b:9:4:14:Infinity:undefined:undefined:undefined:undefined":0,"s:9:4:14:Infinity":3,"b:9:8:9:45:9:45:9:78":1,"s:10:6:13:Infinity":4,"s:16:4:19:Infinity":5,"f:23:33:23:45":1,"s:24:4:24:Infinity":6,"s:25:4:25:Infinity":7},"fnNames":{}}}
,"C:\\Users\\ASUS\\Desktop\\my_awsome_app\\src\\mocks\\server.ts": {"path":"C:\\Users\\ASUS\\Desktop\\my_awsome_app\\src\\mocks\\server.ts","statementMap":{"0":{"start":{"line":4,"column":22},"end":{"line":4,"column":null}}},"fnMap":{},"branchMap":{},"s":{"0":2},"f":{},"b":{},"meta":{"lastBranch":0,"lastFunction":0,"lastStatement":1,"seen":{"s:4:22:4:Infinity":0},"fnNames":{}}}
}
